<?xml version="1.0" encoding="UTF-8"?>
<!-- Generated by org.testng.reporters.JUnitXMLReporter -->
<testsuite ignored="0" hostname="HP-PC" failures="0" tests="3" name="Test2" time="20.871" errors="0" timestamp="2019-10-09T17:48:55 IST">
  <testcase classname="sanidhyademo.MultipleTest" name="test1" time="14.756"/>
  <testcase classname="sanidhyademo.MultipleTest" name="test2" time="20.505"/>
  <testcase classname="sanidhyademo.MultipleTest" name="tes3" time="20.807"/>
</testsuite> <!-- Test2 -->
